<testsuites id="" name="" tests="1" failures="1" skipped="0" errors="0" time="14.839623000000001">
<testsuite name="04-admin-dashboard.spec.ts" timestamp="2025-07-23T04:22:15.513Z" hostname="chromium" tests="1" failures="1" skipped="0" time="9.225" errors="0">
<testcase name="Admin Dashboard â€º should login and display dashboard with expected data" classname="04-admin-dashboard.spec.ts" time="9.225">
<failure message="04-admin-dashboard.spec.ts:9:3 should login and display dashboard with expected data" type="FAILURE">
<![CDATA[  [chromium] â€º 04-admin-dashboard.spec.ts:9:3 â€º Admin Dashboard â€º should login and display dashboard with expected data 

    Error: Timed out 5000ms waiting for expect(locator).toBeVisible()

    Locator: locator('h1').filter({ hasText: 'Admin Dashboard' })
    Expected: visible
    Received: <element(s) not found>
    Call log:
      - Expect "toBeVisible" with timeout 5000ms
      - waiting for locator('h1').filter({ hasText: 'Admin Dashboard' })


      33 |     // Check for dashboard title with gradient styling
      34 |     const dashboardTitle = page.locator('h1').filter({ hasText: 'Admin Dashboard' });
    > 35 |     await expect(dashboardTitle).toBeVisible();
         |                                  ^
      36 |     
      37 |     // Verify dark theme background
      38 |     const bodyBg = page.locator('div.min-h-screen.bg-gradient-to-b');
        at /Users/xcode/Documents/YOLOVibeCode/YOLOVibeWebsite/tests/e2e/04-admin-dashboard.spec.ts:35:34

    attachment #1: screenshot (image/png) â”€â”€â”€â”€â”€â”€â”€â”€â”€â”€â”€â”€â”€â”€â”€â”€â”€â”€â”€â”€â”€â”€â”€â”€â”€â”€â”€â”€â”€â”€â”€â”€â”€â”€â”€â”€â”€â”€â”€â”€â”€â”€â”€â”€â”€â”€â”€â”€â”€â”€â”€â”€â”€â”€â”€â”€â”€â”€
    ../../test-results/04-admin-dashboard-Admin-D-dd365-ashboard-with-expected-data-chromium/test-failed-1.png
    â”€â”€â”€â”€â”€â”€â”€â”€â”€â”€â”€â”€â”€â”€â”€â”€â”€â”€â”€â”€â”€â”€â”€â”€â”€â”€â”€â”€â”€â”€â”€â”€â”€â”€â”€â”€â”€â”€â”€â”€â”€â”€â”€â”€â”€â”€â”€â”€â”€â”€â”€â”€â”€â”€â”€â”€â”€â”€â”€â”€â”€â”€â”€â”€â”€â”€â”€â”€â”€â”€â”€â”€â”€â”€â”€â”€â”€â”€â”€â”€â”€â”€â”€â”€â”€â”€â”€â”€â”€â”€â”€â”€â”€â”€â”€â”€

    attachment #2: video (video/webm) â”€â”€â”€â”€â”€â”€â”€â”€â”€â”€â”€â”€â”€â”€â”€â”€â”€â”€â”€â”€â”€â”€â”€â”€â”€â”€â”€â”€â”€â”€â”€â”€â”€â”€â”€â”€â”€â”€â”€â”€â”€â”€â”€â”€â”€â”€â”€â”€â”€â”€â”€â”€â”€â”€â”€â”€â”€â”€â”€â”€â”€â”€
    ../../test-results/04-admin-dashboard-Admin-D-dd365-ashboard-with-expected-data-chromium/video.webm
    â”€â”€â”€â”€â”€â”€â”€â”€â”€â”€â”€â”€â”€â”€â”€â”€â”€â”€â”€â”€â”€â”€â”€â”€â”€â”€â”€â”€â”€â”€â”€â”€â”€â”€â”€â”€â”€â”€â”€â”€â”€â”€â”€â”€â”€â”€â”€â”€â”€â”€â”€â”€â”€â”€â”€â”€â”€â”€â”€â”€â”€â”€â”€â”€â”€â”€â”€â”€â”€â”€â”€â”€â”€â”€â”€â”€â”€â”€â”€â”€â”€â”€â”€â”€â”€â”€â”€â”€â”€â”€â”€â”€â”€â”€â”€â”€

    Error Context: ../../test-results/04-admin-dashboard-Admin-D-dd365-ashboard-with-expected-data-chromium/error-context.md
]]>
</failure>
<system-out>
<![CDATA[ðŸ§ª Testing Admin Dashboard Login and Data Display
ðŸ“ Step 1: Filling login form...
ðŸš€ Step 2: Navigating to admin dashboard...
ðŸŽ¨ Step 3: Verifying dashboard header and dark theme...

[[ATTACHMENT|04-admin-dashboard-Admin-D-dd365-ashboard-with-expected-data-chromium/test-failed-1.png]]

[[ATTACHMENT|04-admin-dashboard-Admin-D-dd365-ashboard-with-expected-data-chromium/video.webm]]

[[ATTACHMENT|04-admin-dashboard-Admin-D-dd365-ashboard-with-expected-data-chromium/error-context.md]]
]]>
</system-out>
</testcase>
</testsuite>
</testsuites>